<html>
<head>
<title>TestNG:  Regressionnew</title>
<link href="../testng.css" rel="stylesheet" type="text/css" />
<link href="../my-testng.css" rel="stylesheet" type="text/css" />

<style type="text/css">
.log { display: none;} 
.stack-trace { display: none;} 
</style>
<script type="text/javascript">
<!--
function flip(e) {
  current = e.style.display;
  if (current == 'block') {
    e.style.display = 'none';
    return 0;
  }
  else {
    e.style.display = 'block';
    return 1;
  }
}

function toggleBox(szDivId, elem, msg1, msg2)
{
  var res = -1;  if (document.getElementById) {
    res = flip(document.getElementById(szDivId));
  }
  else if (document.all) {
    // this is the way old msie versions work
    res = flip(document.all[szDivId]);
  }
  if(elem) {
    if(res == 0) elem.innerHTML = msg1; else elem.innerHTML = msg2;
  }

}

function toggleAllBoxes() {
  if (document.getElementsByTagName) {
    d = document.getElementsByTagName('div');
    for (i = 0; i < d.length; i++) {
      if (d[i].className == 'log') {
        flip(d[i]);
      }
    }
  }
}

// -->
</script>

</head>
<body>
<h2 align='center'>Regressionnew</h2><table border='1' align="center">
<tr>
<td>Tests passed/Failed/Skipped:</td><td>0/6/0</td>
</tr><tr>
<td>Started on:</td><td>Fri Nov 29 15:02:08 IST 2019</td>
</tr>
<tr><td>Total time:</td><td>169 seconds (169228 ms)</td>
</tr><tr>
<td>Included groups:</td><td></td>
</tr><tr>
<td>Excluded groups:</td><td></td>
</tr>
</table><p/>
<small><i>(Hover the method name to see the test class name)</i></small><p/>
<table width='100%' border='1' class='invocation-failed'>
<tr><td colspan='4' align='center'><b>FAILED TESTS</b></td></tr>
<tr><td><b>Test method</b></td>
<td width="30%"><b>Exception</b></td>
<td width="10%"><b>Time (seconds)</b></td>
<td><b>Instance</b></td>
</tr>
<tr>
<td title='com.OCI.TestCases.TssApplication_Container_Operations.Start()'><b>Start</b><br>Test class: com.OCI.TestCases.TssApplication_Container_Operations<br/>
<a href="#Output-214313531" onClick='toggleBox("Output-214313531", this, "Show output", "Hide output");'>Show output</a>

<a href="#Output-214313531" onClick="toggleAllBoxes();">Show all outputs</a>
<div class='log' id="Output-214313531">
<img src=D:\OCIAutomation\src\Screenshots\Failure_Start_11-29-2019 15-04-55.jpg height='100' width='100'/><br/>
<img src=D:\OCIAutomation\src\Screenshots\Failure_Start_11-29-2019 15-04-55full_scren.jpg alt=yes height='100' width='100'/><br/>
<img src=D:\OCIAutomation\src\Screenshots\Failure_Start_11-29-2019 15-04-56.jpg height='100' width='100'/><br/>
<img src=D:\OCIAutomation\src\Screenshots\Failure_Start_11-29-2019 15-04-57full_scren.jpg alt=yes height='100' width='100'/><br/>
</div>
</td>
<td><div><pre>java.lang.AssertionError: expected [true] but found [false]
	at com.OCI.TestCases.TssApplication_Container_Operations.Start(TssApplication_Container_Operations.java:166)
... Removed 28 stack frames</pre></div><a href='#' onClick='toggleBox("stack-trace214313531", this, "Click to show all stack frames", "Click to hide stack frames")'>Click to show all stack frames</a>
<div class='stack-trace' id='stack-trace214313531'><pre>java.lang.AssertionError: expected [true] but found [false]
	at org.testng.Assert.fail(Assert.java:96)
	at org.testng.Assert.failNotEquals(Assert.java:776)
	at org.testng.Assert.assertTrue(Assert.java:44)
	at org.testng.Assert.assertTrue(Assert.java:54)
	at com.OCI.TestCases.TssApplication_Container_Operations.Start(TssApplication_Container_Operations.java:166)
	at java.base/jdk.internal.reflect.NativeMethodAccessorImpl.invoke0(Native Method)
	at java.base/jdk.internal.reflect.NativeMethodAccessorImpl.invoke(NativeMethodAccessorImpl.java:62)
	at java.base/jdk.internal.reflect.DelegatingMethodAccessorImpl.invoke(DelegatingMethodAccessorImpl.java:43)
	at java.base/java.lang.reflect.Method.invoke(Method.java:566)
	at org.testng.internal.MethodInvocationHelper.invokeMethod(MethodInvocationHelper.java:124)
	at org.testng.internal.Invoker.invokeMethod(Invoker.java:583)
	at org.testng.internal.Invoker.invokeTestMethod(Invoker.java:719)
	at org.testng.internal.Invoker.invokeTestMethods(Invoker.java:989)
	at org.testng.internal.TestMethodWorker.invokeTestMethods(TestMethodWorker.java:125)
	at org.testng.internal.TestMethodWorker.run(TestMethodWorker.java:109)
	at org.testng.TestRunner.privateRun(TestRunner.java:648)
	at org.testng.TestRunner.run(TestRunner.java:505)
	at org.testng.SuiteRunner.runTest(SuiteRunner.java:455)
	at org.testng.SuiteRunner.runSequentially(SuiteRunner.java:450)
	at org.testng.SuiteRunner.privateRun(SuiteRunner.java:415)
	at org.testng.SuiteRunner.run(SuiteRunner.java:364)
	at org.testng.SuiteRunnerWorker.runSuite(SuiteRunnerWorker.java:52)
	at org.testng.SuiteRunnerWorker.run(SuiteRunnerWorker.java:84)
	at org.testng.TestNG.runSuitesSequentially(TestNG.java:1208)
	at org.testng.TestNG.runSuitesLocally(TestNG.java:1137)
	at org.testng.TestNG.runSuites(TestNG.java:1049)
	at org.testng.TestNG.run(TestNG.java:1017)
	at org.testng.IDEARemoteTestNG.run(IDEARemoteTestNG.java:73)
	at org.testng.RemoteTestNGStarter.main(RemoteTestNGStarter.java:123)
</pre></div></td>
<td>5</td>
<td>com.OCI.TestCases.TssApplication_Container_Operations@17f7cd29</td></tr>
<tr>
<td title='com.OCI.TestCases.TssApplication_Container_Operations.Stop()'><b>Stop</b><br>Test class: com.OCI.TestCases.TssApplication_Container_Operations<br/>
<a href="#Output-280531669" onClick='toggleBox("Output-280531669", this, "Show output", "Hide output");'>Show output</a>

<a href="#Output-280531669" onClick="toggleAllBoxes();">Show all outputs</a>
<div class='log' id="Output-280531669">
<img src=D:\OCIAutomation\src\Screenshots\Failure_Stop_11-29-2019 15-04-19.jpg height='100' width='100'/><br/>
<img src=D:\OCIAutomation\src\Screenshots\Failure_Stop_11-29-2019 15-04-20full_scren.jpg alt=yes height='100' width='100'/><br/>
<img src=D:\OCIAutomation\src\Screenshots\Failure_Stop_11-29-2019 15-04-20.jpg height='100' width='100'/><br/>
<img src=D:\OCIAutomation\src\Screenshots\Failure_Stop_11-29-2019 15-04-21full_scren.jpg alt=yes height='100' width='100'/><br/>
</div>
</td>
<td><div><pre>java.lang.AssertionError: expected [true] but found [false]
	at com.OCI.TestCases.TssApplication_Container_Operations.Stop(TssApplication_Container_Operations.java:103)
... Removed 28 stack frames</pre></div><a href='#' onClick='toggleBox("stack-trace280531669", this, "Click to show all stack frames", "Click to hide stack frames")'>Click to show all stack frames</a>
<div class='stack-trace' id='stack-trace280531669'><pre>java.lang.AssertionError: expected [true] but found [false]
	at org.testng.Assert.fail(Assert.java:96)
	at org.testng.Assert.failNotEquals(Assert.java:776)
	at org.testng.Assert.assertTrue(Assert.java:44)
	at org.testng.Assert.assertTrue(Assert.java:54)
	at com.OCI.TestCases.TssApplication_Container_Operations.Stop(TssApplication_Container_Operations.java:103)
	at java.base/jdk.internal.reflect.NativeMethodAccessorImpl.invoke0(Native Method)
	at java.base/jdk.internal.reflect.NativeMethodAccessorImpl.invoke(NativeMethodAccessorImpl.java:62)
	at java.base/jdk.internal.reflect.DelegatingMethodAccessorImpl.invoke(DelegatingMethodAccessorImpl.java:43)
	at java.base/java.lang.reflect.Method.invoke(Method.java:566)
	at org.testng.internal.MethodInvocationHelper.invokeMethod(MethodInvocationHelper.java:124)
	at org.testng.internal.Invoker.invokeMethod(Invoker.java:583)
	at org.testng.internal.Invoker.invokeTestMethod(Invoker.java:719)
	at org.testng.internal.Invoker.invokeTestMethods(Invoker.java:989)
	at org.testng.internal.TestMethodWorker.invokeTestMethods(TestMethodWorker.java:125)
	at org.testng.internal.TestMethodWorker.run(TestMethodWorker.java:109)
	at org.testng.TestRunner.privateRun(TestRunner.java:648)
	at org.testng.TestRunner.run(TestRunner.java:505)
	at org.testng.SuiteRunner.runTest(SuiteRunner.java:455)
	at org.testng.SuiteRunner.runSequentially(SuiteRunner.java:450)
	at org.testng.SuiteRunner.privateRun(SuiteRunner.java:415)
	at org.testng.SuiteRunner.run(SuiteRunner.java:364)
	at org.testng.SuiteRunnerWorker.runSuite(SuiteRunnerWorker.java:52)
	at org.testng.SuiteRunnerWorker.run(SuiteRunnerWorker.java:84)
	at org.testng.TestNG.runSuitesSequentially(TestNG.java:1208)
	at org.testng.TestNG.runSuitesLocally(TestNG.java:1137)
	at org.testng.TestNG.runSuites(TestNG.java:1049)
	at org.testng.TestNG.run(TestNG.java:1017)
	at org.testng.IDEARemoteTestNG.run(IDEARemoteTestNG.java:73)
	at org.testng.RemoteTestNGStarter.main(RemoteTestNGStarter.java:123)
</pre></div></td>
<td>115</td>
<td>com.OCI.TestCases.TssApplication_Container_Operations@17f7cd29</td></tr>
<tr>
<td title='com.OCI.TestCases.TssApplication_Container_Operations.dump_Threads()'><b>dump_Threads</b><br>Test class: com.OCI.TestCases.TssApplication_Container_Operations<br/>
<a href="#Output-557725225" onClick='toggleBox("Output-557725225", this, "Show output", "Hide output");'>Show output</a>

<a href="#Output-557725225" onClick="toggleAllBoxes();">Show all outputs</a>
<div class='log' id="Output-557725225">
<img src=D:\OCIAutomation\src\Screenshots\Failure_dump_Threads_11-29-2019 15-04-33.jpg height='100' width='100'/><br/>
<img src=D:\OCIAutomation\src\Screenshots\Failure_dump_Threads_11-29-2019 15-04-34full_scren.jpg alt=yes height='100' width='100'/><br/>
<img src=D:\OCIAutomation\src\Screenshots\Failure_dump_Threads_11-29-2019 15-04-34.jpg height='100' width='100'/><br/>
<img src=D:\OCIAutomation\src\Screenshots\Failure_dump_Threads_11-29-2019 15-04-35full_scren.jpg alt=yes height='100' width='100'/><br/>
</div>
</td>
<td><div><pre>java.lang.AssertionError: expected [true] but found [false]
	at com.OCI.TestCases.TssApplication_Container_Operations.dump_Threads(TssApplication_Container_Operations.java:284)
... Removed 28 stack frames</pre></div><a href='#' onClick='toggleBox("stack-trace557725225", this, "Click to show all stack frames", "Click to hide stack frames")'>Click to show all stack frames</a>
<div class='stack-trace' id='stack-trace557725225'><pre>java.lang.AssertionError: expected [true] but found [false]
	at org.testng.Assert.fail(Assert.java:96)
	at org.testng.Assert.failNotEquals(Assert.java:776)
	at org.testng.Assert.assertTrue(Assert.java:44)
	at org.testng.Assert.assertTrue(Assert.java:54)
	at com.OCI.TestCases.TssApplication_Container_Operations.dump_Threads(TssApplication_Container_Operations.java:284)
	at java.base/jdk.internal.reflect.NativeMethodAccessorImpl.invoke0(Native Method)
	at java.base/jdk.internal.reflect.NativeMethodAccessorImpl.invoke(NativeMethodAccessorImpl.java:62)
	at java.base/jdk.internal.reflect.DelegatingMethodAccessorImpl.invoke(DelegatingMethodAccessorImpl.java:43)
	at java.base/java.lang.reflect.Method.invoke(Method.java:566)
	at org.testng.internal.MethodInvocationHelper.invokeMethod(MethodInvocationHelper.java:124)
	at org.testng.internal.Invoker.invokeMethod(Invoker.java:583)
	at org.testng.internal.Invoker.invokeTestMethod(Invoker.java:719)
	at org.testng.internal.Invoker.invokeTestMethods(Invoker.java:989)
	at org.testng.internal.TestMethodWorker.invokeTestMethods(TestMethodWorker.java:125)
	at org.testng.internal.TestMethodWorker.run(TestMethodWorker.java:109)
	at org.testng.TestRunner.privateRun(TestRunner.java:648)
	at org.testng.TestRunner.run(TestRunner.java:505)
	at org.testng.SuiteRunner.runTest(SuiteRunner.java:455)
	at org.testng.SuiteRunner.runSequentially(SuiteRunner.java:450)
	at org.testng.SuiteRunner.privateRun(SuiteRunner.java:415)
	at org.testng.SuiteRunner.run(SuiteRunner.java:364)
	at org.testng.SuiteRunnerWorker.runSuite(SuiteRunnerWorker.java:52)
	at org.testng.SuiteRunnerWorker.run(SuiteRunnerWorker.java:84)
	at org.testng.TestNG.runSuitesSequentially(TestNG.java:1208)
	at org.testng.TestNG.runSuitesLocally(TestNG.java:1137)
	at org.testng.TestNG.runSuites(TestNG.java:1049)
	at org.testng.TestNG.run(TestNG.java:1017)
	at org.testng.IDEARemoteTestNG.run(IDEARemoteTestNG.java:73)
	at org.testng.RemoteTestNGStarter.main(RemoteTestNGStarter.java:123)
</pre></div></td>
<td>5</td>
<td>com.OCI.TestCases.TssApplication_Container_Operations@17f7cd29</td></tr>
<tr>
<td title='com.OCI.TestCases.TssApplication_Container_Operations.hard_Stop()'><b>hard_Stop</b><br>Test class: com.OCI.TestCases.TssApplication_Container_Operations<br/>
<a href="#Output-710220387" onClick='toggleBox("Output-710220387", this, "Show output", "Hide output");'>Show output</a>

<a href="#Output-710220387" onClick="toggleAllBoxes();">Show all outputs</a>
<div class='log' id="Output-710220387">
<img src=D:\OCIAutomation\src\Screenshots\Failure_hard_Stop_11-29-2019 15-04-47.jpg height='100' width='100'/><br/>
<img src=D:\OCIAutomation\src\Screenshots\Failure_hard_Stop_11-29-2019 15-04-48full_scren.jpg alt=yes height='100' width='100'/><br/>
<img src=D:\OCIAutomation\src\Screenshots\Failure_hard_Stop_11-29-2019 15-04-48.jpg height='100' width='100'/><br/>
<img src=D:\OCIAutomation\src\Screenshots\Failure_hard_Stop_11-29-2019 15-04-49full_scren.jpg alt=yes height='100' width='100'/><br/>
</div>
</td>
<td><div><pre>java.lang.AssertionError: expected [true] but found [false]
	at com.OCI.TestCases.TssApplication_Container_Operations.hard_Stop(TssApplication_Container_Operations.java:399)
... Removed 28 stack frames</pre></div><a href='#' onClick='toggleBox("stack-trace710220387", this, "Click to show all stack frames", "Click to hide stack frames")'>Click to show all stack frames</a>
<div class='stack-trace' id='stack-trace710220387'><pre>java.lang.AssertionError: expected [true] but found [false]
	at org.testng.Assert.fail(Assert.java:96)
	at org.testng.Assert.failNotEquals(Assert.java:776)
	at org.testng.Assert.assertTrue(Assert.java:44)
	at org.testng.Assert.assertTrue(Assert.java:54)
	at com.OCI.TestCases.TssApplication_Container_Operations.hard_Stop(TssApplication_Container_Operations.java:399)
	at java.base/jdk.internal.reflect.NativeMethodAccessorImpl.invoke0(Native Method)
	at java.base/jdk.internal.reflect.NativeMethodAccessorImpl.invoke(NativeMethodAccessorImpl.java:62)
	at java.base/jdk.internal.reflect.DelegatingMethodAccessorImpl.invoke(DelegatingMethodAccessorImpl.java:43)
	at java.base/java.lang.reflect.Method.invoke(Method.java:566)
	at org.testng.internal.MethodInvocationHelper.invokeMethod(MethodInvocationHelper.java:124)
	at org.testng.internal.Invoker.invokeMethod(Invoker.java:583)
	at org.testng.internal.Invoker.invokeTestMethod(Invoker.java:719)
	at org.testng.internal.Invoker.invokeTestMethods(Invoker.java:989)
	at org.testng.internal.TestMethodWorker.invokeTestMethods(TestMethodWorker.java:125)
	at org.testng.internal.TestMethodWorker.run(TestMethodWorker.java:109)
	at org.testng.TestRunner.privateRun(TestRunner.java:648)
	at org.testng.TestRunner.run(TestRunner.java:505)
	at org.testng.SuiteRunner.runTest(SuiteRunner.java:455)
	at org.testng.SuiteRunner.runSequentially(SuiteRunner.java:450)
	at org.testng.SuiteRunner.privateRun(SuiteRunner.java:415)
	at org.testng.SuiteRunner.run(SuiteRunner.java:364)
	at org.testng.SuiteRunnerWorker.runSuite(SuiteRunnerWorker.java:52)
	at org.testng.SuiteRunnerWorker.run(SuiteRunnerWorker.java:84)
	at org.testng.TestNG.runSuitesSequentially(TestNG.java:1208)
	at org.testng.TestNG.runSuitesLocally(TestNG.java:1137)
	at org.testng.TestNG.runSuites(TestNG.java:1049)
	at org.testng.TestNG.run(TestNG.java:1017)
	at org.testng.IDEARemoteTestNG.run(IDEARemoteTestNG.java:73)
	at org.testng.RemoteTestNGStarter.main(RemoteTestNGStarter.java:123)
</pre></div></td>
<td>5</td>
<td>com.OCI.TestCases.TssApplication_Container_Operations@17f7cd29</td></tr>
<tr>
<td title='com.OCI.TestCases.TssApplication_Container_Operations.reStart()'><b>reStart</b><br>Test class: com.OCI.TestCases.TssApplication_Container_Operations<br/>
<a href="#Output-834824701" onClick='toggleBox("Output-834824701", this, "Show output", "Hide output");'>Show output</a>

<a href="#Output-834824701" onClick="toggleAllBoxes();">Show all outputs</a>
<div class='log' id="Output-834824701">
<img src=D:\OCIAutomation\src\Screenshots\Failure_reStart_11-29-2019 15-04-26.jpg height='100' width='100'/><br/>
<img src=D:\OCIAutomation\src\Screenshots\Failure_reStart_11-29-2019 15-04-27full_scren.jpg alt=yes height='100' width='100'/><br/>
<img src=D:\OCIAutomation\src\Screenshots\Failure_reStart_11-29-2019 15-04-27.jpg height='100' width='100'/><br/>
<img src=D:\OCIAutomation\src\Screenshots\Failure_reStart_11-29-2019 15-04-28full_scren.jpg alt=yes height='100' width='100'/><br/>
</div>
</td>
<td><div><pre>java.lang.AssertionError: expected [true] but found [false]
	at com.OCI.TestCases.TssApplication_Container_Operations.reStart(TssApplication_Container_Operations.java:227)
... Removed 28 stack frames</pre></div><a href='#' onClick='toggleBox("stack-trace834824701", this, "Click to show all stack frames", "Click to hide stack frames")'>Click to show all stack frames</a>
<div class='stack-trace' id='stack-trace834824701'><pre>java.lang.AssertionError: expected [true] but found [false]
	at org.testng.Assert.fail(Assert.java:96)
	at org.testng.Assert.failNotEquals(Assert.java:776)
	at org.testng.Assert.assertTrue(Assert.java:44)
	at org.testng.Assert.assertTrue(Assert.java:54)
	at com.OCI.TestCases.TssApplication_Container_Operations.reStart(TssApplication_Container_Operations.java:227)
	at java.base/jdk.internal.reflect.NativeMethodAccessorImpl.invoke0(Native Method)
	at java.base/jdk.internal.reflect.NativeMethodAccessorImpl.invoke(NativeMethodAccessorImpl.java:62)
	at java.base/jdk.internal.reflect.DelegatingMethodAccessorImpl.invoke(DelegatingMethodAccessorImpl.java:43)
	at java.base/java.lang.reflect.Method.invoke(Method.java:566)
	at org.testng.internal.MethodInvocationHelper.invokeMethod(MethodInvocationHelper.java:124)
	at org.testng.internal.Invoker.invokeMethod(Invoker.java:583)
	at org.testng.internal.Invoker.invokeTestMethod(Invoker.java:719)
	at org.testng.internal.Invoker.invokeTestMethods(Invoker.java:989)
	at org.testng.internal.TestMethodWorker.invokeTestMethods(TestMethodWorker.java:125)
	at org.testng.internal.TestMethodWorker.run(TestMethodWorker.java:109)
	at org.testng.TestRunner.privateRun(TestRunner.java:648)
	at org.testng.TestRunner.run(TestRunner.java:505)
	at org.testng.SuiteRunner.runTest(SuiteRunner.java:455)
	at org.testng.SuiteRunner.runSequentially(SuiteRunner.java:450)
	at org.testng.SuiteRunner.privateRun(SuiteRunner.java:415)
	at org.testng.SuiteRunner.run(SuiteRunner.java:364)
	at org.testng.SuiteRunnerWorker.runSuite(SuiteRunnerWorker.java:52)
	at org.testng.SuiteRunnerWorker.run(SuiteRunnerWorker.java:84)
	at org.testng.TestNG.runSuitesSequentially(TestNG.java:1208)
	at org.testng.TestNG.runSuitesLocally(TestNG.java:1137)
	at org.testng.TestNG.runSuites(TestNG.java:1049)
	at org.testng.TestNG.run(TestNG.java:1017)
	at org.testng.IDEARemoteTestNG.run(IDEARemoteTestNG.java:73)
	at org.testng.RemoteTestNGStarter.main(RemoteTestNGStarter.java:123)
</pre></div></td>
<td>5</td>
<td>com.OCI.TestCases.TssApplication_Container_Operations@17f7cd29</td></tr>
<tr>
<td title='com.OCI.TestCases.TssApplication_Container_Operations.rolling_Restart()'><b>rolling_Restart</b><br>Test class: com.OCI.TestCases.TssApplication_Container_Operations<br/>
<a href="#Output-1894698434" onClick='toggleBox("Output-1894698434", this, "Show output", "Hide output");'>Show output</a>

<a href="#Output-1894698434" onClick="toggleAllBoxes();">Show all outputs</a>
<div class='log' id="Output-1894698434">
<img src=D:\OCIAutomation\src\Screenshots\Failure_rolling_Restart_11-29-2019 15-04-40.jpg height='100' width='100'/><br/>
<img src=D:\OCIAutomation\src\Screenshots\Failure_rolling_Restart_11-29-2019 15-04-41full_scren.jpg alt=yes height='100' width='100'/><br/>
<img src=D:\OCIAutomation\src\Screenshots\Failure_rolling_Restart_11-29-2019 15-04-41.jpg height='100' width='100'/><br/>
<img src=D:\OCIAutomation\src\Screenshots\Failure_rolling_Restart_11-29-2019 15-04-42full_scren.jpg alt=yes height='100' width='100'/><br/>
</div>
</td>
<td><div><pre>java.lang.AssertionError: expected [true] but found [false]
	at com.OCI.TestCases.TssApplication_Container_Operations.rolling_Restart(TssApplication_Container_Operations.java:341)
... Removed 28 stack frames</pre></div><a href='#' onClick='toggleBox("stack-trace1894698434", this, "Click to show all stack frames", "Click to hide stack frames")'>Click to show all stack frames</a>
<div class='stack-trace' id='stack-trace1894698434'><pre>java.lang.AssertionError: expected [true] but found [false]
	at org.testng.Assert.fail(Assert.java:96)
	at org.testng.Assert.failNotEquals(Assert.java:776)
	at org.testng.Assert.assertTrue(Assert.java:44)
	at org.testng.Assert.assertTrue(Assert.java:54)
	at com.OCI.TestCases.TssApplication_Container_Operations.rolling_Restart(TssApplication_Container_Operations.java:341)
	at java.base/jdk.internal.reflect.NativeMethodAccessorImpl.invoke0(Native Method)
	at java.base/jdk.internal.reflect.NativeMethodAccessorImpl.invoke(NativeMethodAccessorImpl.java:62)
	at java.base/jdk.internal.reflect.DelegatingMethodAccessorImpl.invoke(DelegatingMethodAccessorImpl.java:43)
	at java.base/java.lang.reflect.Method.invoke(Method.java:566)
	at org.testng.internal.MethodInvocationHelper.invokeMethod(MethodInvocationHelper.java:124)
	at org.testng.internal.Invoker.invokeMethod(Invoker.java:583)
	at org.testng.internal.Invoker.invokeTestMethod(Invoker.java:719)
	at org.testng.internal.Invoker.invokeTestMethods(Invoker.java:989)
	at org.testng.internal.TestMethodWorker.invokeTestMethods(TestMethodWorker.java:125)
	at org.testng.internal.TestMethodWorker.run(TestMethodWorker.java:109)
	at org.testng.TestRunner.privateRun(TestRunner.java:648)
	at org.testng.TestRunner.run(TestRunner.java:505)
	at org.testng.SuiteRunner.runTest(SuiteRunner.java:455)
	at org.testng.SuiteRunner.runSequentially(SuiteRunner.java:450)
	at org.testng.SuiteRunner.privateRun(SuiteRunner.java:415)
	at org.testng.SuiteRunner.run(SuiteRunner.java:364)
	at org.testng.SuiteRunnerWorker.runSuite(SuiteRunnerWorker.java:52)
	at org.testng.SuiteRunnerWorker.run(SuiteRunnerWorker.java:84)
	at org.testng.TestNG.runSuitesSequentially(TestNG.java:1208)
	at org.testng.TestNG.runSuitesLocally(TestNG.java:1137)
	at org.testng.TestNG.runSuites(TestNG.java:1049)
	at org.testng.TestNG.run(TestNG.java:1017)
	at org.testng.IDEARemoteTestNG.run(IDEARemoteTestNG.java:73)
	at org.testng.RemoteTestNGStarter.main(RemoteTestNGStarter.java:123)
</pre></div></td>
<td>5</td>
<td>com.OCI.TestCases.TssApplication_Container_Operations@17f7cd29</td></tr>
</table><p>
</body>
</html>